<?xml version="1.0" encoding="UTF-8"?>
<!-- Generated by org.testng.reporters.JUnitXMLReporter -->
<testsuite hostname="LOGI-LT121-T430" ignored="0" name="Test" tests="1" failures="1" timestamp="25 Sep 2018 09:41:10 GMT" time="91.928" errors="0">
  <testcase name="TC001_UserRegistration_CompanyRep_and_Approval" time="90.407" classname="testCases.UserManagementTestCase">
    <failure type="java.lang.NullPointerException">
      <![CDATA[java.lang.NullPointerException
at utils.Listeners.Retry.extendReportsFailOperations(Retry.java:37)
at utils.Listeners.Retry.retry(Retry.java:26)
... Removed 21 stack frames]]>
    </failure>
  </testcase> <!-- TC001_UserRegistration_CompanyRep_and_Approval -->
</testsuite> <!-- Test -->
